[01:17:58.183] [INFO] storybook v10.1.11
[01:18:00.522] [DEBUG] Getting package.json info for E:/Files/Learnings/portfolio/package.json...
[01:18:02.137] [INFO] Starting...
[01:18:02.169] [WARN] No story files found for the specified pattern: [34mcomponents\**\*.stories.@(ts|tsx)[39m
[01:18:02.335] [DEBUG] Starting preview..
[01:18:02.390] [INFO] Addon-docs: using MDX3
[01:18:02.446] [INFO] Using implicit CSS loaders
[01:18:02.733] [INFO] Using SWC as compiler
[01:18:02.760] [INFO] Using default Webpack5 setup
[01:18:03.496] [DEBUG] Using tsconfig paths for react-docgen
[01:18:07.453] [ERROR] Failed to build the preview
[01:18:07.455] [WARN] Force closed preview build
[01:18:07.457] [ERROR] [38;2;241;97;97mSB_BUILDER-WEBPACK5_0003 (WebpackCompilationError): There were problems when compiling your code with Webpack.
Run Storybook with --debug-webpack for more information.[39m
    at starter (file:///E:/Files/Learnings/portfolio/node_modules/.pnpm/@storybook+builder-webpack5_2ae3d68cdc6feb7b278460b4495ae701/node_modules/@storybook/builder-webpack5/dist/index.js:799:11)
    at starter.next (<anonymous>)
    at Module.start (file:///E:/Files/Learnings/portfolio/node_modules/.pnpm/@storybook+builder-webpack5_2ae3d68cdc6feb7b278460b4495ae701/node_modules/@storybook/builder-webpack5/dist/index.js:857:34)
    at process.processTicksAndRejections (node:internal/process/task_queues:95:5)
    at async storybookDevServer (file:///E:/Files/Learnings/portfolio/node_modules/.pnpm/storybook@10.1.11_@testing-_542812fe79983dab9975b048bc99184d/node_modules/storybook/dist/core-server/index.js:6806:82)
    at async buildOrThrow (file:///E:/Files/Learnings/portfolio/node_modules/.pnpm/storybook@10.1.11_@testing-_542812fe79983dab9975b048bc99184d/node_modules/storybook/dist/core-server/index.js:5555:12)
    at async buildDevStandalone (file:///E:/Files/Learnings/portfolio/node_modules/.pnpm/storybook@10.1.11_@testing-_542812fe79983dab9975b048bc99184d/node_modules/storybook/dist/core-server/index.js:7208:66)
    at async withTelemetry (file:///E:/Files/Learnings/portfolio/node_modules/.pnpm/storybook@10.1.11_@testing-_542812fe79983dab9975b048bc99184d/node_modules/storybook/dist/_node-chunks/chunk-2372JZ52.js:209:12)
    at async dev (file:///E:/Files/Learnings/portfolio/node_modules/.pnpm/storybook@10.1.11_@testing-_542812fe79983dab9975b048bc99184d/node_modules/storybook/dist/bin/core.js:2734:3)
    at async _Command.<anonymous> (file:///E:/Files/Learnings/portfolio/node_modules/.pnpm/storybook@10.1.11_@testing-_542812fe79983dab9975b048bc99184d/node_modules/storybook/dist/bin/core.js:2801:92)
[01:18:07.460] [WARN] Broken build, fix the error above.
You may need to refresh the browser.